<?xml version="1.0" encoding="UTF-8"?>
<!-- Generated by org.testng.reporters.JUnitXMLReporter -->
<testsuite ignored="0" hostname="DESKTOP-PQ3SD9G" failures="0" tests="5" name="Default test" time="77.241" errors="0" timestamp="2023-02-24T14:06:56 IST">
  <testcase classname="amazontest.NavigationMenuTestCases" name="verifyHomePage" time="1.674"/>
  <testcase classname="amazontest.NavigationMenuTestCases" name="verifyTodaysDealNavigationMenuPage" time="5.881"/>
  <testcase classname="amazontest.NavigationMenuTestCases" name="verifyCustomerServiceNavigationMenupage" time="3.198"/>
  <testcase classname="amazontest.NavigationMenuTestCases" name="verifyRegistryNavigationMenu" time="3.228"/>
  <testcase classname="amazontest.NavigationMenuTestCases" name="verifySellNavigationMenuPage" time="8.315"/>
</testsuite> <!-- Default test -->
