<?xml version="1.0" encoding="UTF-8"?>
<!-- Generated by org.testng.reporters.JUnitXMLReporter -->
<testsuite ignored="0" hostname="DESKTOP-PQ3SD9G" failures="0" tests="5" name="chromrtest" time="174.7" errors="0" timestamp="2023-02-26T15:27:29 IST">
  <testcase classname="amazontest.NavigationMenuTestCases" name="verifyHomePage" time="8.656"/>
  <testcase classname="amazontest.NavigationMenuTestCases" name="verifyTodaysDealNavigationMenuPage" time="9.283"/>
  <testcase classname="amazontest.NavigationMenuTestCases" name="verifyCustomerServiceNavigationMenupage" time="2.816"/>
  <testcase classname="amazontest.NavigationMenuTestCases" name="verifyRegistryNavigationMenu" time="3.906"/>
  <testcase classname="amazontest.NavigationMenuTestCases" name="verifySellNavigationMenuPage" time="8.535"/>
</testsuite> <!-- chromrtest -->
