<?xml version="1.0" encoding="UTF-8"?>
<!-- Generated by org.testng.reporters.JUnitXMLReporter -->
<testsuite ignored="0" hostname="DESKTOP-PQ3SD9G" failures="0" tests="5" name="Test" time="267.757" errors="0" timestamp="2023-03-15T01:18:33 IST">
  <testcase classname="amazontest.NavigationMenuTestCases" name="verifyHomePage" time="15.845"/>
  <testcase classname="amazontest.NavigationMenuTestCases" name="verifyTodaysDealNavigationMenuPage" time="21.288"/>
  <testcase classname="amazontest.NavigationMenuTestCases" name="verifyCustomerServiceNavigationMenupage" time="11.294"/>
  <testcase classname="amazontest.NavigationMenuTestCases" name="verifyRegistryNavigationMenu" time="4.523"/>
  <testcase classname="amazontest.NavigationMenuTestCases" name="verifySellNavigationMenuPage" time="15.086"/>
</testsuite> <!-- Test -->
