<?xml version="1.0" encoding="UTF-8"?>
<testsuite xmlns:xsi="http://www.w3.org/2001/XMLSchema-instance" xsi:noNamespaceSchemaLocation="https://maven.apache.org/surefire/maven-surefire-plugin/xsd/surefire-test-report-3.0.xsd" version="3.0" name="TestSuite" time="271.195" tests="5" errors="0" skipped="0" failures="0">
  <properties>
[...]
</properties>
  <testcase name="verifyHomePage" classname="amazontest.NavigationMenuTestCases" time="15.818">
    <system-err><![CDATA[SLF4J: Failed to load class "org.slf4j.impl.StaticLoggerBinder".
SLF4J: Defaulting to no-operation (NOP) logger implementation
SLF4J: See http://www.slf4j.org/codes.html#StaticLoggerBinder for further details.
ERROR StatusLogger Log4j2 could not find a logging implementation. Please add log4j-core to the classpath. Using SimpleLogger to log to the console...
1678823049659	geckodriver	INFO	Listening on 127.0.0.1:28713
1678823050172	mozrunner::runner	INFO	Running command: "C:\\Program Files\\Mozilla Firefox\\firefox.exe" "--marionette" "--remote-debugging-port" "12738" "--remote ... /localhost:12738/,http://[::1]:12738/" "-no-remote" "-profile" "C:\\Users\\MOON\\AppData\\Local\\Temp\\rust_mozprofile532MuR"
Can't find symbol 'eglSwapBuffersWithDamageEXT'.
Can't find symbol 'eglSetDamageRegionKHR'.
[Parent 6132, Gecko_IOThread] WARNING: file /builds/worker/checkouts/gecko/ipc/chromium/src/base/process_util_win.cc:166
console.warn: SearchSettings: "get: No settings file exists, new profile?" (new Error("", "(unknown module)"))
1678823094801	Marionette	INFO	Listening on port 63228
1678823095664	Marionette	WARN	TLS certificate errors will be ignored for this session
JavaScript error: resource://gre/modules/PartitioningExceptionListService.jsm, line 69: NS_ERROR_MALFORMED_URI: Component returned failure code: 0x804b000a (NS_ERROR_MALFORMED_URI) [nsIPartitioningExceptionListObserver.onExceptionListUpdate]
Can't find symbol 'eglSwapBuffersWithDamageEXT'.
Can't find symbol 'eglSetDamageRegionKHR'.
]]></system-err>
  </testcase>
  <testcase name="verifyTodaysDealNavigationMenuPage" classname="amazontest.NavigationMenuTestCases" time="21.095">
    <system-err><![CDATA[1678823121597	Marionette	INFO	Stopped listening on port 63228

###!!! [Child][RunMessage] Error: Channel closing: too late to send/recv, messages will be lost

1678823135920	geckodriver	INFO	Listening on 127.0.0.1:17474
1678823135961	mozrunner::runner	INFO	Running command: "C:\\Program Files\\Mozilla Firefox\\firefox.exe" "--marionette" "--remote-debugging-port" "38200" "--remote ... /localhost:38200/,http://[::1]:38200/" "-no-remote" "-profile" "C:\\Users\\MOON\\AppData\\Local\\Temp\\rust_mozprofileEjDfC4"
Can't find symbol 'eglSwapBuffersWithDamageEXT'.
Can't find symbol 'eglSetDamageRegionKHR'.
console.warn: SearchSettings: "get: No settings file exists, new profile?" (new Error("", "(unknown module)"))
1678823153632	Marionette	INFO	Listening on port 63702
1678823154511	Marionette	WARN	TLS certificate errors will be ignored for this session
JavaScript error: resource://gre/modules/PartitioningExceptionListService.jsm, line 69: NS_ERROR_MALFORMED_URI: Component returned failure code: 0x804b000a (NS_ERROR_MALFORMED_URI) [nsIPartitioningExceptionListObserver.onExceptionListUpdate]
Can't find symbol 'eglSwapBuffersWithDamageEXT'.
Can't find symbol 'eglSetDamageRegionKHR'.
]]></system-err>
  </testcase>
  <testcase name="verifyCustomerServiceNavigationMenupage" classname="amazontest.NavigationMenuTestCases" time="11.334">
    <system-err><![CDATA[1678823188138	Marionette	INFO	Stopped listening on port 63702
JavaScript error: https://www.amazon.com/gp/goldbox?ref_=nav_cs_gb, line 402: NS_ERROR_NOT_INITIALIZED: 
[Parent 4948, Gecko_IOThread] WARNING: file /builds/worker/checkouts/gecko/ipc/chromium/src/base/process_util_win.cc:166

###!!! [Child][RunMessage] Error: Channel closing: too late to send/recv, messages will be lost

JavaScript error: resource://gre/modules/osfile/osfile_async_front.jsm, line 426: Error: OS.File has been shut down. Rejecting post to DirectoryIterator_prototype_close
JavaScript error: resource://gre/modules/osfile/osfile_async_front.jsm, line 446: Error: OS.File has been shut down. Rejecting request to new_DirectoryIterator
1678823203203	geckodriver	INFO	Listening on 127.0.0.1:6919
1678823203252	mozrunner::runner	INFO	Running command: "C:\\Program Files\\Mozilla Firefox\\firefox.exe" "--marionette" "--remote-debugging-port" "12242" "--remote ... /localhost:12242/,http://[::1]:12242/" "-no-remote" "-profile" "C:\\Users\\MOON\\AppData\\Local\\Temp\\rust_mozprofileF4BsMK"
Can't find symbol 'eglSwapBuffersWithDamageEXT'.
Can't find symbol 'eglSetDamageRegionKHR'.
console.warn: SearchSettings: "get: No settings file exists, new profile?" (new Error("", "(unknown module)"))
1678823215271	Marionette	INFO	Listening on port 64097
1678823215909	Marionette	WARN	TLS certificate errors will be ignored for this session
JavaScript error: resource://gre/modules/PartitioningExceptionListService.jsm, line 69: NS_ERROR_MALFORMED_URI: Component returned failure code: 0x804b000a (NS_ERROR_MALFORMED_URI) [nsIPartitioningExceptionListObserver.onExceptionListUpdate]
Can't find symbol 'eglSwapBuffersWithDamageEXT'.
Can't find symbol 'eglSetDamageRegionKHR'.
1678823237348	Marionette	WARN	TimedPromise timed out after 500 ms: stacktrace:
TimedPromise/<@chrome://marionette/content/sync.js:235:19
TimedPromise@chrome://marionette/content/sync.js:220:10
interaction.flushEventLoop@chrome://marionette/content/interaction.js:418:10
webdriverClickElement@chrome://marionette/content/interaction.js:179:31
1678823238260	Marionette	WARN	TimedPromise timed out after 500 ms: stacktrace:
TimedPromise/<@chrome://marionette/content/sync.js:235:19
TimedPromise@chrome://marionette/content/sync.js:220:10
interaction.flushEventLoop@chrome://marionette/content/interaction.js:418:10
webdriverClickElement@chrome://marionette/content/interaction.js:179:31
]]></system-err>
  </testcase>
  <testcase name="verifyRegistryNavigationMenu" classname="amazontest.NavigationMenuTestCases" time="3.765">
    <system-err><![CDATA[1678823241227	Marionette	INFO	Stopped listening on port 64097

###!!! [Child][RunMessage] Error: Channel closing: too late to send/recv, messages will be lost

1678823249274	geckodriver	INFO	Listening on 127.0.0.1:2932
1678823249312	mozrunner::runner	INFO	Running command: "C:\\Program Files\\Mozilla Firefox\\firefox.exe" "--marionette" "--remote-debugging-port" "48868" "--remote ... /localhost:48868/,http://[::1]:48868/" "-no-remote" "-profile" "C:\\Users\\MOON\\AppData\\Local\\Temp\\rust_mozprofile7LGIji"
Can't find symbol 'eglSwapBuffersWithDamageEXT'.
Can't find symbol 'eglSetDamageRegionKHR'.
console.warn: SearchSettings: "get: No settings file exists, new profile?" (new Error("", "(unknown module)"))
1678823259826	Marionette	INFO	Listening on port 64834
1678823260192	Marionette	WARN	TLS certificate errors will be ignored for this session
Can't find symbol 'eglSwapBuffersWithDamageEXT'.
Can't find symbol 'eglSetDamageRegionKHR'.
JavaScript error: resource://gre/modules/PartitioningExceptionListService.jsm, line 69: NS_ERROR_MALFORMED_URI: Component returned failure code: 0x804b000a (NS_ERROR_MALFORMED_URI) [nsIPartitioningExceptionListObserver.onExceptionListUpdate]
]]></system-err>
  </testcase>
  <testcase name="verifySellNavigationMenuPage" classname="amazontest.NavigationMenuTestCases" time="13.618">
    <system-err><![CDATA[1678823269501	Marionette	INFO	Stopped listening on port 64834
JavaScript error: resource://gre/modules/UrlClassifierListManager.jsm, line 691: TypeError: this.tablesData[table] is undefined

###!!! [Child][RunMessage] Error: Channel closing: too late to send/recv, messages will be lost

1678823277032	geckodriver	INFO	Listening on 127.0.0.1:35122
1678823277103	mozrunner::runner	INFO	Running command: "C:\\Program Files\\Mozilla Firefox\\firefox.exe" "--marionette" "--remote-debugging-port" "33345" "--remote ... /localhost:33345/,http://[::1]:33345/" "-no-remote" "-profile" "C:\\Users\\MOON\\AppData\\Local\\Temp\\rust_mozprofilewVygTi"
Can't find symbol 'eglSwapBuffersWithDamageEXT'.
Can't find symbol 'eglSetDamageRegionKHR'.
console.warn: SearchSettings: "get: No settings file exists, new profile?" (new Error("", "(unknown module)"))
1678823289230	Marionette	INFO	Listening on port 65103
1678823289627	Marionette	WARN	TLS certificate errors will be ignored for this session
Can't find symbol 'eglSwapBuffersWithDamageEXT'.
Can't find symbol 'eglSetDamageRegionKHR'.
JavaScript error: resource://gre/modules/PartitioningExceptionListService.jsm, line 69: NS_ERROR_MALFORMED_URI: Component returned failure code: 0x804b000a (NS_ERROR_MALFORMED_URI) [nsIPartitioningExceptionListObserver.onExceptionListUpdate]
]]></system-err>
  </testcase>
</testsuite>