<?xml version="1.0" encoding="UTF-8"?>
<testng-results ignored="0" total="5" passed="5" failed="0" skipped="0">
  <reporter-output>
    <line>
      <![CDATA[PASS ::  Amazon home page is displayed]]>
    </line>
    <line>
      <![CDATA[PASS ::  Amazon home page is displayed]]>
    </line>
    <line>
      <![CDATA[PASS ::  Todays deal page is displayed]]>
    </line>
    <line>
      <![CDATA[PASS ::  Amazon home page is displayed]]>
    </line>
    <line>
      <![CDATA[PASS ::  Customer Service  page is displayed]]>
    </line>
    <line>
      <![CDATA[PASS ::  Amazon home page is displayed]]>
    </line>
    <line>
      <![CDATA[PASS ::  Registry page is displayed]]>
    </line>
    <line>
      <![CDATA[PASS ::  Amazon home page is displayed]]>
    </line>
    <line>
      <![CDATA[PASS ::  Registry page is displayed]]>
    </line>
  </reporter-output>
  <suite started-at="2023-03-15T01:14:05 IST" name="Smoke" finished-at="2023-03-15T01:18:32 IST" duration-ms="267757">
    <groups>
    </groups>
    <test started-at="2023-03-15T01:14:05 IST" name="Test" finished-at="2023-03-15T01:18:32 IST" duration-ms="267757">
      <class name="amazontest.NavigationMenuTestCases">
        <test-method is-config="true" signature="beforeConfiguration(java.lang.String)[pri:0, instance:amazontest.NavigationMenuTestCases@21de60b4]" started-at="2023-03-15T01:14:05 IST" name="beforeConfiguration" finished-at="2023-03-15T01:15:05 IST" duration-ms="59903" status="PASS">
          <params>
            <param index="0">
              <value>
                <![CDATA[Firefox]]>
              </value>
            </param>
          </params>
          <reporter-output>
          </reporter-output>
        </test-method> <!-- beforeConfiguration -->
        <test-method signature="verifyHomePage()[pri:1, instance:amazontest.NavigationMenuTestCases@21de60b4]" started-at="2023-03-15T01:15:05 IST" name="verifyHomePage" finished-at="2023-03-15T01:15:21 IST" duration-ms="15845" status="PASS">
          <reporter-output>
            <line>
              <![CDATA[PASS ::  Amazon home page is displayed]]>
            </line>
          </reporter-output>
        </test-method> <!-- verifyHomePage -->
        <test-method is-config="true" signature="afterConfiguration()[pri:0, instance:amazontest.NavigationMenuTestCases@21de60b4]" started-at="2023-03-15T01:15:21 IST" name="afterConfiguration" finished-at="2023-03-15T01:15:26 IST" duration-ms="5137" status="PASS">
          <reporter-output>
          </reporter-output>
        </test-method> <!-- afterConfiguration -->
        <test-method is-config="true" signature="beforeConfiguration(java.lang.String)[pri:0, instance:amazontest.NavigationMenuTestCases@21de60b4]" started-at="2023-03-15T01:15:26 IST" name="beforeConfiguration" finished-at="2023-03-15T01:16:06 IST" duration-ms="39872" status="PASS">
          <params>
            <param index="0">
              <value>
                <![CDATA[Firefox]]>
              </value>
            </param>
          </params>
          <reporter-output>
          </reporter-output>
        </test-method> <!-- beforeConfiguration -->
        <test-method signature="verifyTodaysDealNavigationMenuPage()[pri:2, instance:amazontest.NavigationMenuTestCases@21de60b4]" started-at="2023-03-15T01:16:06 IST" name="verifyTodaysDealNavigationMenuPage" finished-at="2023-03-15T01:16:27 IST" duration-ms="21288" status="PASS">
          <reporter-output>
            <line>
              <![CDATA[PASS ::  Amazon home page is displayed]]>
            </line>
            <line>
              <![CDATA[PASS ::  Todays deal page is displayed]]>
            </line>
          </reporter-output>
        </test-method> <!-- verifyTodaysDealNavigationMenuPage -->
        <test-method is-config="true" signature="afterConfiguration()[pri:0, instance:amazontest.NavigationMenuTestCases@21de60b4]" started-at="2023-03-15T01:16:27 IST" name="afterConfiguration" finished-at="2023-03-15T01:16:39 IST" duration-ms="12535" status="PASS">
          <reporter-output>
          </reporter-output>
        </test-method> <!-- afterConfiguration -->
        <test-method is-config="true" signature="beforeConfiguration(java.lang.String)[pri:0, instance:amazontest.NavigationMenuTestCases@21de60b4]" started-at="2023-03-15T01:16:39 IST" name="beforeConfiguration" finished-at="2023-03-15T01:17:09 IST" duration-ms="29667" status="PASS">
          <params>
            <param index="0">
              <value>
                <![CDATA[Firefox]]>
              </value>
            </param>
          </params>
          <reporter-output>
          </reporter-output>
        </test-method> <!-- beforeConfiguration -->
        <test-method signature="verifyCustomerServiceNavigationMenupage()[pri:3, instance:amazontest.NavigationMenuTestCases@21de60b4]" started-at="2023-03-15T01:17:09 IST" name="verifyCustomerServiceNavigationMenupage" finished-at="2023-03-15T01:17:20 IST" duration-ms="11294" status="PASS">
          <reporter-output>
            <line>
              <![CDATA[PASS ::  Amazon home page is displayed]]>
            </line>
            <line>
              <![CDATA[PASS ::  Customer Service  page is displayed]]>
            </line>
          </reporter-output>
        </test-method> <!-- verifyCustomerServiceNavigationMenupage -->
        <test-method is-config="true" signature="afterConfiguration()[pri:0, instance:amazontest.NavigationMenuTestCases@21de60b4]" started-at="2023-03-15T01:17:20 IST" name="afterConfiguration" finished-at="2023-03-15T01:17:26 IST" duration-ms="5281" status="PASS">
          <reporter-output>
          </reporter-output>
        </test-method> <!-- afterConfiguration -->
        <test-method is-config="true" signature="beforeConfiguration(java.lang.String)[pri:0, instance:amazontest.NavigationMenuTestCases@21de60b4]" started-at="2023-03-15T01:17:26 IST" name="beforeConfiguration" finished-at="2023-03-15T01:17:44 IST" duration-ms="18242" status="PASS">
          <params>
            <param index="0">
              <value>
                <![CDATA[Firefox]]>
              </value>
            </param>
          </params>
          <reporter-output>
          </reporter-output>
        </test-method> <!-- beforeConfiguration -->
        <test-method signature="verifyRegistryNavigationMenu()[pri:4, instance:amazontest.NavigationMenuTestCases@21de60b4]" started-at="2023-03-15T01:17:44 IST" name="verifyRegistryNavigationMenu" finished-at="2023-03-15T01:17:48 IST" duration-ms="4523" status="PASS">
          <reporter-output>
            <line>
              <![CDATA[PASS ::  Amazon home page is displayed]]>
            </line>
            <line>
              <![CDATA[PASS ::  Registry page is displayed]]>
            </line>
          </reporter-output>
        </test-method> <!-- verifyRegistryNavigationMenu -->
        <test-method is-config="true" signature="afterConfiguration()[pri:0, instance:amazontest.NavigationMenuTestCases@21de60b4]" started-at="2023-03-15T01:17:48 IST" name="afterConfiguration" finished-at="2023-03-15T01:17:55 IST" duration-ms="6558" status="PASS">
          <reporter-output>
          </reporter-output>
        </test-method> <!-- afterConfiguration -->
        <test-method is-config="true" signature="beforeConfiguration(java.lang.String)[pri:0, instance:amazontest.NavigationMenuTestCases@21de60b4]" started-at="2023-03-15T01:17:55 IST" name="beforeConfiguration" finished-at="2023-03-15T01:18:12 IST" duration-ms="17303" status="PASS">
          <params>
            <param index="0">
              <value>
                <![CDATA[Firefox]]>
              </value>
            </param>
          </params>
          <reporter-output>
          </reporter-output>
        </test-method> <!-- beforeConfiguration -->
        <test-method signature="verifySellNavigationMenuPage()[pri:5, instance:amazontest.NavigationMenuTestCases@21de60b4]" started-at="2023-03-15T01:18:12 IST" name="verifySellNavigationMenuPage" finished-at="2023-03-15T01:18:27 IST" duration-ms="15086" status="PASS">
          <reporter-output>
            <line>
              <![CDATA[PASS ::  Amazon home page is displayed]]>
            </line>
            <line>
              <![CDATA[PASS ::  Registry page is displayed]]>
            </line>
          </reporter-output>
        </test-method> <!-- verifySellNavigationMenuPage -->
        <test-method is-config="true" signature="afterConfiguration()[pri:0, instance:amazontest.NavigationMenuTestCases@21de60b4]" started-at="2023-03-15T01:18:27 IST" name="afterConfiguration" finished-at="2023-03-15T01:18:32 IST" duration-ms="5137" status="PASS">
          <reporter-output>
          </reporter-output>
        </test-method> <!-- afterConfiguration -->
      </class> <!-- amazontest.NavigationMenuTestCases -->
    </test> <!-- Test -->
  </suite> <!-- Smoke -->
</testng-results>
