<?xml version="1.0" encoding="UTF-8"?>
<testng-results ignored="0" total="5" passed="4" failed="1" skipped="0">
  <reporter-output>
    <line>
      <![CDATA[PASS ::  Amazon home page is displayed]]>
    </line>
    <line>
      <![CDATA[PASS ::  Amazon home page is displayed]]>
    </line>
    <line>
      <![CDATA[PASS ::  Todays deal page is displayed]]>
    </line>
    <line>
      <![CDATA[PASS ::  Amazon home page is displayed]]>
    </line>
    <line>
      <![CDATA[PASS ::  Amazon home page is displayed]]>
    </line>
    <line>
      <![CDATA[PASS ::  Registry page is displayed]]>
    </line>
    <line>
      <![CDATA[PASS ::  Amazon home page is displayed]]>
    </line>
    <line>
      <![CDATA[PASS ::  Registry page is displayed]]>
    </line>
  </reporter-output>
  <suite started-at="2023-03-15T01:01:32 IST" name="Smoke" finished-at="2023-03-15T01:06:34 IST" duration-ms="302033">
    <groups>
    </groups>
    <test started-at="2023-03-15T01:01:32 IST" name="Test" finished-at="2023-03-15T01:06:34 IST" duration-ms="302033">
      <class name="amazontest.NavigationMenuTestCases">
        <test-method is-config="true" signature="beforeConfiguration(java.lang.String)[pri:0, instance:amazontest.NavigationMenuTestCases@4b8ee4de]" started-at="2023-03-15T01:01:32 IST" name="beforeConfiguration" finished-at="2023-03-15T01:02:59 IST" duration-ms="87186" status="PASS">
          <params>
            <param index="0">
              <value>
                <![CDATA[Firefox]]>
              </value>
            </param>
          </params>
          <reporter-output>
          </reporter-output>
        </test-method> <!-- beforeConfiguration -->
        <test-method signature="verifyHomePage()[pri:1, instance:amazontest.NavigationMenuTestCases@4b8ee4de]" started-at="2023-03-15T01:02:59 IST" name="verifyHomePage" finished-at="2023-03-15T01:03:20 IST" duration-ms="20658" status="PASS">
          <reporter-output>
            <line>
              <![CDATA[PASS ::  Amazon home page is displayed]]>
            </line>
          </reporter-output>
        </test-method> <!-- verifyHomePage -->
        <test-method is-config="true" signature="afterConfiguration()[pri:0, instance:amazontest.NavigationMenuTestCases@4b8ee4de]" started-at="2023-03-15T01:03:20 IST" name="afterConfiguration" finished-at="2023-03-15T01:03:35 IST" duration-ms="14686" status="PASS">
          <reporter-output>
          </reporter-output>
        </test-method> <!-- afterConfiguration -->
        <test-method is-config="true" signature="beforeConfiguration(java.lang.String)[pri:0, instance:amazontest.NavigationMenuTestCases@4b8ee4de]" started-at="2023-03-15T01:03:35 IST" name="beforeConfiguration" finished-at="2023-03-15T01:04:09 IST" duration-ms="34253" status="PASS">
          <params>
            <param index="0">
              <value>
                <![CDATA[Firefox]]>
              </value>
            </param>
          </params>
          <reporter-output>
          </reporter-output>
        </test-method> <!-- beforeConfiguration -->
        <test-method signature="verifyTodaysDealNavigationMenuPage()[pri:2, instance:amazontest.NavigationMenuTestCases@4b8ee4de]" started-at="2023-03-15T01:04:09 IST" name="verifyTodaysDealNavigationMenuPage" finished-at="2023-03-15T01:04:27 IST" duration-ms="17779" status="PASS">
          <reporter-output>
            <line>
              <![CDATA[PASS ::  Amazon home page is displayed]]>
            </line>
            <line>
              <![CDATA[PASS ::  Todays deal page is displayed]]>
            </line>
          </reporter-output>
        </test-method> <!-- verifyTodaysDealNavigationMenuPage -->
        <test-method is-config="true" signature="afterConfiguration()[pri:0, instance:amazontest.NavigationMenuTestCases@4b8ee4de]" started-at="2023-03-15T01:04:27 IST" name="afterConfiguration" finished-at="2023-03-15T01:04:39 IST" duration-ms="12742" status="PASS">
          <reporter-output>
          </reporter-output>
        </test-method> <!-- afterConfiguration -->
        <test-method is-config="true" signature="beforeConfiguration(java.lang.String)[pri:0, instance:amazontest.NavigationMenuTestCases@4b8ee4de]" started-at="2023-03-15T01:04:39 IST" name="beforeConfiguration" finished-at="2023-03-15T01:05:02 IST" duration-ms="22051" status="PASS">
          <params>
            <param index="0">
              <value>
                <![CDATA[Firefox]]>
              </value>
            </param>
          </params>
          <reporter-output>
          </reporter-output>
        </test-method> <!-- beforeConfiguration -->
        <test-method signature="verifyCustomerServiceNavigationMenupage()[pri:3, instance:amazontest.NavigationMenuTestCases@4b8ee4de]" started-at="2023-03-15T01:05:02 IST" name="verifyCustomerServiceNavigationMenupage" finished-at="2023-03-15T01:05:39 IST" duration-ms="37359" status="FAIL">
          <exception class="org.openqa.selenium.TimeoutException">
            <message>
              <![CDATA[Expected condition failed: waiting for title to be "Help - Amazon Customer Service". Current title: "Help & Contact Us - Amazon Customer Service" (tried for 20 second(s) with 500 milliseconds interval)
Build info: version: '4.8.1', revision: '8ebccac989'
System info: os.name: 'Windows 10', os.arch: 'amd64', os.version: '10.0', java.version: '16.0.1'
Driver info: org.openqa.selenium.firefox.FirefoxDriver
Capabilities {acceptInsecureCerts: true, browserName: firefox, browserVersion: 84.0.2, moz:accessibilityChecks: false, moz:buildID: 20210105180113, moz:geckodriverVersion: 0.32.2, moz:headless: false, moz:processID: 1964, moz:profile: C:\Users\MOON\AppData\Local..., moz:shutdownTimeout: 60000, moz:useNonSpecCompliantPointerOrigin: false, moz:webdriverClick: true, pageLoadStrategy: normal, platformName: WINDOWS, platformVersion: 10.0, rotatable: false, setWindowRect: true, strictFileInteractability: false, timeouts: {implicit: 0, pageLoad: 300000, script: 30000}, unhandledPromptBehavior: dismiss and notify}
Session ID: f8072976-a141-48ac-99cf-1efbf2831310]]>
            </message>
            <full-stacktrace>
              <![CDATA[org.openqa.selenium.TimeoutException: Expected condition failed: waiting for title to be "Help - Amazon Customer Service". Current title: "Help & Contact Us - Amazon Customer Service" (tried for 20 second(s) with 500 milliseconds interval)
Build info: version: '4.8.1', revision: '8ebccac989'
System info: os.name: 'Windows 10', os.arch: 'amd64', os.version: '10.0', java.version: '16.0.1'
Driver info: org.openqa.selenium.firefox.FirefoxDriver
Capabilities {acceptInsecureCerts: true, browserName: firefox, browserVersion: 84.0.2, moz:accessibilityChecks: false, moz:buildID: 20210105180113, moz:geckodriverVersion: 0.32.2, moz:headless: false, moz:processID: 1964, moz:profile: C:\Users\MOON\AppData\Local..., moz:shutdownTimeout: 60000, moz:useNonSpecCompliantPointerOrigin: false, moz:webdriverClick: true, pageLoadStrategy: normal, platformName: WINDOWS, platformVersion: 10.0, rotatable: false, setWindowRect: true, strictFileInteractability: false, timeouts: {implicit: 0, pageLoad: 300000, script: 30000}, unhandledPromptBehavior: dismiss and notify}
Session ID: f8072976-a141-48ac-99cf-1efbf2831310
at org.openqa.selenium.support.ui.WebDriverWait.timeoutException(WebDriverWait.java:87)
at org.openqa.selenium.support.ui.FluentWait.until(FluentWait.java:231)
at com.amazon.orgname.genericutilities.WebDriverUtility.titleVerification(WebDriverUtility.java:26)
at amazontest.NavigationMenuTestCases.verifyCustomerServiceNavigationMenupage(NavigationMenuTestCases.java:62)
at java.base/jdk.internal.reflect.NativeMethodAccessorImpl.invoke0(Native Method)
at java.base/jdk.internal.reflect.NativeMethodAccessorImpl.invoke(NativeMethodAccessorImpl.java:78)
at java.base/jdk.internal.reflect.DelegatingMethodAccessorImpl.invoke(DelegatingMethodAccessorImpl.java:43)
at java.base/java.lang.reflect.Method.invoke(Method.java:567)
at org.testng.internal.invokers.MethodInvocationHelper.invokeMethod(MethodInvocationHelper.java:139)
at org.testng.internal.invokers.TestInvoker.invokeMethod(TestInvoker.java:677)
at org.testng.internal.invokers.TestInvoker.invokeTestMethod(TestInvoker.java:221)
at org.testng.internal.invokers.MethodRunner.runInSequence(MethodRunner.java:50)
at org.testng.internal.invokers.TestInvoker$MethodInvocationAgent.invoke(TestInvoker.java:969)
at org.testng.internal.invokers.TestInvoker.invokeTestMethods(TestInvoker.java:194)
at org.testng.internal.invokers.TestMethodWorker.invokeTestMethods(TestMethodWorker.java:148)
at org.testng.internal.invokers.TestMethodWorker.run(TestMethodWorker.java:128)
at java.base/java.util.ArrayList.forEach(ArrayList.java:1511)
at org.testng.TestRunner.privateRun(TestRunner.java:829)
at org.testng.TestRunner.run(TestRunner.java:602)
at org.testng.SuiteRunner.runTest(SuiteRunner.java:437)
at org.testng.SuiteRunner.runSequentially(SuiteRunner.java:431)
at org.testng.SuiteRunner.privateRun(SuiteRunner.java:391)
at org.testng.SuiteRunner.run(SuiteRunner.java:330)
at org.testng.SuiteRunnerWorker.runSuite(SuiteRunnerWorker.java:52)
at org.testng.SuiteRunnerWorker.run(SuiteRunnerWorker.java:95)
at org.testng.TestNG.runSuitesSequentially(TestNG.java:1256)
at org.testng.TestNG.runSuitesLocally(TestNG.java:1176)
at org.testng.TestNG.runSuites(TestNG.java:1099)
at org.testng.TestNG.run(TestNG.java:1067)
at org.testng.remote.AbstractRemoteTestNG.run(AbstractRemoteTestNG.java:115)
at org.testng.remote.RemoteTestNG.initAndRun(RemoteTestNG.java:251)
at org.testng.remote.RemoteTestNG.main(RemoteTestNG.java:77)
]]>
            </full-stacktrace>
          </exception> <!-- org.openqa.selenium.TimeoutException -->
          <reporter-output>
            <line>
              <![CDATA[PASS ::  Amazon home page is displayed]]>
            </line>
          </reporter-output>
        </test-method> <!-- verifyCustomerServiceNavigationMenupage -->
        <test-method is-config="true" signature="afterConfiguration()[pri:0, instance:amazontest.NavigationMenuTestCases@4b8ee4de]" started-at="2023-03-15T01:05:39 IST" name="afterConfiguration" finished-at="2023-03-15T01:05:43 IST" duration-ms="3650" status="PASS">
          <reporter-output>
          </reporter-output>
        </test-method> <!-- afterConfiguration -->
        <test-method is-config="true" signature="beforeConfiguration(java.lang.String)[pri:0, instance:amazontest.NavigationMenuTestCases@4b8ee4de]" started-at="2023-03-15T01:05:43 IST" name="beforeConfiguration" finished-at="2023-03-15T01:05:57 IST" duration-ms="14308" status="PASS">
          <params>
            <param index="0">
              <value>
                <![CDATA[Firefox]]>
              </value>
            </param>
          </params>
          <reporter-output>
          </reporter-output>
        </test-method> <!-- beforeConfiguration -->
        <test-method signature="verifyRegistryNavigationMenu()[pri:4, instance:amazontest.NavigationMenuTestCases@4b8ee4de]" started-at="2023-03-15T01:05:57 IST" name="verifyRegistryNavigationMenu" finished-at="2023-03-15T01:06:00 IST" duration-ms="3103" status="PASS">
          <reporter-output>
            <line>
              <![CDATA[PASS ::  Amazon home page is displayed]]>
            </line>
            <line>
              <![CDATA[PASS ::  Registry page is displayed]]>
            </line>
          </reporter-output>
        </test-method> <!-- verifyRegistryNavigationMenu -->
        <test-method is-config="true" signature="afterConfiguration()[pri:0, instance:amazontest.NavigationMenuTestCases@4b8ee4de]" started-at="2023-03-15T01:06:00 IST" name="afterConfiguration" finished-at="2023-03-15T01:06:07 IST" duration-ms="6539" status="PASS">
          <reporter-output>
          </reporter-output>
        </test-method> <!-- afterConfiguration -->
        <test-method is-config="true" signature="beforeConfiguration(java.lang.String)[pri:0, instance:amazontest.NavigationMenuTestCases@4b8ee4de]" started-at="2023-03-15T01:06:07 IST" name="beforeConfiguration" finished-at="2023-03-15T01:06:19 IST" duration-ms="12509" status="PASS">
          <params>
            <param index="0">
              <value>
                <![CDATA[Firefox]]>
              </value>
            </param>
          </params>
          <reporter-output>
          </reporter-output>
        </test-method> <!-- beforeConfiguration -->
        <test-method signature="verifySellNavigationMenuPage()[pri:5, instance:amazontest.NavigationMenuTestCases@4b8ee4de]" started-at="2023-03-15T01:06:19 IST" name="verifySellNavigationMenuPage" finished-at="2023-03-15T01:06:29 IST" duration-ms="9998" status="PASS">
          <reporter-output>
            <line>
              <![CDATA[PASS ::  Amazon home page is displayed]]>
            </line>
            <line>
              <![CDATA[PASS ::  Registry page is displayed]]>
            </line>
          </reporter-output>
        </test-method> <!-- verifySellNavigationMenuPage -->
        <test-method is-config="true" signature="afterConfiguration()[pri:0, instance:amazontest.NavigationMenuTestCases@4b8ee4de]" started-at="2023-03-15T01:06:29 IST" name="afterConfiguration" finished-at="2023-03-15T01:06:34 IST" duration-ms="5093" status="PASS">
          <reporter-output>
          </reporter-output>
        </test-method> <!-- afterConfiguration -->
      </class> <!-- amazontest.NavigationMenuTestCases -->
    </test> <!-- Test -->
  </suite> <!-- Smoke -->
</testng-results>
